<?xml version="1.0" encoding="UTF-8"?>
<!-- Generated by org.testng.reporters.JUnitReportReporter -->
<testsuite hostname="MacBook-Pro-de-MacBook.local" failures="0" tests="1" name="Runners.Run" time="0.024" errors="0" timestamp="2022-06-17T16:54:25 COT" skipped="0">
  <testcase classname="Runners.Run" name="runScenario" time="0.024"/>
  <system-out/>
</testsuite> <!-- Runners.Run -->
